2010-09-27 13:04:55	entwistle	thhamal2
2010-09-27 13:24:33	entwistle	thhamal2
2010-09-28 11:24:12	hendrix	thhamal2
2010-09-28 11:30:06	hendrix	thhamal2
2010-09-28 11:38:48	hendrix	thhamal2
2010-09-28 11:43:49	hendrix	thhamal2
2010-09-28 11:50:28	hendrix	thhamal2
2010-09-28 12:04:42	hendrix	thhamal2
2010-09-28 12:28:10	hendrix	thhamal2
2010-09-28 12:37:33	hendrix	thhamal2
2010-10-05 11:54:27	opaali	thhamal2
2010-10-05 12:14:49	opaali	thhamal2
2010-10-05 12:19:59	opaali	thhamal2
2010-10-05 12:21:41	opaali	thhamal2
2010-10-05 12:22:37	opaali	thhamal2
2010-10-05 12:49:52	opaali	thhamal2
2010-10-05 12:50:10	opaali	thhamal2
2010-10-05 12:50:56	opaali	thhamal2
2010-10-05 12:51:30	opaali	thhamal2
2010-10-05 12:57:39	opaali	thhamal2
2010-10-06 09:58:34	lennon	thhamal2
2010-10-06 10:03:40	lennon	thhamal2
2010-10-06 12:25:42	lennon	thhamal2
2010-10-06 12:30:14	lennon	thhamal2
2010-10-06 12:31:16	lennon	thhamal2
2010-10-06 12:32:42	lennon	thhamal2
2010-10-06 12:36:09	lennon	thhamal2
2010-10-06 12:36:27	lennon	thhamal2
2010-10-06 12:37:44	lennon	thhamal2
2010-10-06 12:38:58	lennon	thhamal2
2010-10-06 12:39:16	lennon	thhamal2
2010-10-06 12:39:56	lennon	thhamal2
2010-10-06 12:40:06	lennon	thhamal2
2010-10-06 12:40:09	lennon	thhamal2
2010-10-06 12:40:26	lennon	thhamal2
2010-10-06 12:40:42	lennon	thhamal2
2010-10-06 12:40:44	lennon	thhamal2
2010-10-06 12:41:24	lennon	thhamal2
2010-10-06 12:42:10	lennon	thhamal2
2010-10-06 12:43:18	lennon	thhamal2
2010-10-06 12:44:19	lennon	thhamal2
2010-10-06 12:46:36	lennon	thhamal2
2010-10-06 12:46:59	lennon	thhamal2
2010-10-06 12:48:58	lennon	thhamal2
2010-10-06 12:49:35	lennon	thhamal2
2010-10-06 12:50:33	lennon	thhamal2
2010-10-06 12:51:49	lennon	thhamal2
2010-10-06 12:52:46	lennon	thhamal2
2010-10-06 12:53:42	lennon	thhamal2
2010-10-06 12:54:07	lennon	thhamal2
2010-10-06 12:54:45	lennon	thhamal2
2010-10-06 13:04:49	lennon	thhamal2
2010-10-06 13:05:14	lennon	thhamal2
2010-10-06 13:05:32	lennon	thhamal2
2010-10-06 13:06:25	lennon	thhamal2
2010-10-06 13:06:58	lennon	thhamal2
2010-10-06 13:07:15	lennon	thhamal2
2010-10-06 13:07:33	lennon	thhamal2
2010-10-06 13:08:00	lennon	thhamal2
2010-10-06 13:08:11	lennon	thhamal2
2010-10-06 13:08:22	lennon	thhamal2
2010-10-06 13:08:31	lennon	thhamal2
2010-10-06 13:09:20	lennon	thhamal2
2010-10-06 13:10:08	lennon	thhamal2
2010-10-06 13:11:10	lennon	thhamal2
2010-10-06 13:11:21	lennon	thhamal2
2010-10-06 13:12:05	lennon	thhamal2
2010-10-06 13:12:16	lennon	thhamal2
2010-10-06 13:12:30	lennon	thhamal2
2010-10-06 13:13:49	lennon	thhamal2
2010-10-06 13:14:43	lennon	thhamal2
2010-10-06 13:15:33	lennon	thhamal2
2010-10-06 13:16:15	lennon	thhamal2
2010-10-06 13:18:15	lennon	thhamal2
2010-10-06 13:19:49	lennon	thhamal2
2010-10-06 13:20:55	lennon	thhamal2
2010-10-06 13:21:59	lennon	thhamal2
2010-10-06 13:22:40	lennon	thhamal2
2010-10-06 13:23:28	lennon	thhamal2
2010-10-06 13:24:11	lennon	thhamal2
2010-10-06 13:24:25	lennon	thhamal2
2010-10-06 13:25:23	lennon	thhamal2
2010-10-06 13:26:45	lennon	thhamal2
2010-10-06 13:28:02	lennon	thhamal2
2010-10-06 13:29:24	lennon	thhamal2
2010-10-06 13:30:02	lennon	thhamal2
2010-10-06 13:32:58	lennon	thhamal2
2010-10-06 13:33:44	lennon	thhamal2
2010-10-06 13:34:10	lennon	thhamal2
2010-10-06 13:35:27	lennon	thhamal2
2010-10-06 13:37:23	lennon	thhamal2
2010-10-06 13:37:39	lennon	thhamal2
2010-10-06 13:38:49	lennon	thhamal2
2010-10-08 07:35:47	mango	thhamal2
2010-10-08 08:44:01	mango	thhamal2
2010-10-08 08:46:42	mango	thhamal2
2010-10-08 08:51:52	mango	thhamal2
2010-10-08 08:53:54	mango	thhamal2
